<?xml version="1.0" encoding="UTF-8"?>
<!-- Generated by org.testng.reporters.JUnitXMLReporter -->
<testsuite ignored="0" hostname="CAP-LAP-894" failures="0" tests="7" name="Default test" time="248.523" errors="0" timestamp="2021-07-06T10:23:18 IST">
  <testcase classname="com.bryne.qa.testcases.UpdateDetailsPageTest" name="updateAddressTest" time="5.571"/>
  <testcase classname="com.bryne.qa.testcases.UpdateDetailsPageTest" name="updateBusinessPhoneTest" time="5.48"/>
  <testcase classname="com.bryne.qa.testcases.UpdateDetailsPageTest" name="updateCityTest" time="5.539"/>
  <testcase classname="com.bryne.qa.testcases.UpdateDetailsPageTest" name="updateFirstNameTest" time="5.411"/>
  <testcase classname="com.bryne.qa.testcases.UpdateDetailsPageTest" name="updateLastNameTest" time="5.533"/>
  <testcase classname="com.bryne.qa.testcases.UpdateDetailsPageTest" name="updateStateTest" time="5.478"/>
  <testcase classname="com.bryne.qa.testcases.UpdateDetailsPageTest" name="updateZipTest" time="5.499"/>
</testsuite> <!-- Default test -->
