<?xml version="1.0" encoding="UTF-8"?>
<!-- Generated by org.testng.reporters.JUnitXMLReporter -->
<testsuite ignored="0" hostname="CAP-LAP-894" failures="0" tests="5" name="Test" time="70.974" errors="0" timestamp="2021-07-05T13:29:28 IST">
  <testcase classname="com.bryne.qa.testcases.MyInfoPageTest" name="@BeforeMethod setup" time="0.086">
    <failure type="java.lang.NullPointerException" message="Cannot invoke &amp;quot;org.openqa.selenium.SearchContext.findElement(org.openqa.selenium.By)&amp;quot; because &amp;quot;this.searchContext&amp;quot; is null">
      <![CDATA[java.lang.NullPointerException: Cannot invoke "org.openqa.selenium.SearchContext.findElement(org.openqa.selenium.By)" because "this.searchContext" is null
at org.openqa.selenium.support.pagefactory.DefaultElementLocator.findElement(DefaultElementLocator.java:69)
at org.openqa.selenium.support.pagefactory.internal.LocatingElementHandler.invoke(LocatingElementHandler.java:38)
at com.sun.proxy.$Proxy12.sendKeys(Unknown Source)
at com.bryne.qa.pages.LoginPage.login(LoginPage.java:41)
at com.bryne.qa.testcases.MyInfoPageTest.setup(MyInfoPageTest.java:32)
at java.base/java.util.ArrayList.forEach(ArrayList.java:1511)
... Removed 31 stack frames]]>
    </failure>
  </testcase> <!-- @BeforeMethod setup -->
  <testcase classname="com.bryne.qa.testcases.MyInfoPageTest" name="@AfterMethod aftermath" time="-1.625471897452E9">
    <skipped/>
  </testcase> <!-- @AfterMethod aftermath -->
  <testcase classname="com.bryne.qa.testcases.MyInfoPageTest" name="validateFieldValuesTest" time="0.0">
    <skipped/>
  </testcase> <!-- validateFieldValuesTest -->
  <testcase classname="com.bryne.qa.testcases.LoginPageTest" name="LoginLogoTest" time="0.115"/>
  <testcase classname="com.bryne.qa.testcases.DashboardPageTest" name="validateOrderButtonBehaviorTest" time="4.578"/>
  <testcase classname="com.bryne.qa.testcases.OtpPageTest" name="completeLoginFlowTest" time="6.265"/>
  <testcase classname="com.bryne.qa.testcases.LandingPageTest" name="validateWhatAreBenefitssSection" time="2.934"/>
</testsuite> <!-- Test -->
