<?xml version="1.0" encoding="UTF-8"?>
<!-- Generated by org.testng.reporters.JUnitXMLReporter -->
<testsuite ignored="0" hostname="CAP-LAP-894" failures="1" tests="30" name="Bryne Micosite Test Cases" time="740.111" errors="0" timestamp="2021-07-06T16:26:47 IST">
  <testcase classname="com.bryne.qa.testcases.LoginPageTest" name="LoginLogoTest" time="0.14"/>
  <testcase classname="com.bryne.qa.testcases.LoginPageTest" name="LoginSubHeaderTest" time="0.057"/>
  <testcase classname="com.bryne.qa.testcases.LoginPageTest" name="LoginTest" time="3.687"/>
  <testcase classname="com.bryne.qa.testcases.LoginPageTest" name="LoginTitleTest" time="0.03"/>
  <testcase classname="com.bryne.qa.testcases.OtpPageTest" name="ValidateButtonEnabledTest" time="3.325"/>
  <testcase classname="com.bryne.qa.testcases.OtpPageTest" name="WithoutOTPTest" time="0.062"/>
  <testcase classname="com.bryne.qa.testcases.LandingPageTest" name="validateCheckYourStatusButtonBehavior" time="5.607"/>
  <testcase classname="com.bryne.qa.testcases.LandingPageTest" name="validateDashboardViaLinkTest" time="3.5"/>
  <testcase classname="com.bryne.qa.testcases.LandingPageTest" name="validateFAQSectionTest" time="2.957"/>
  <testcase classname="com.bryne.qa.testcases.LandingPageTest" name="validateHowCanIEarnSection" time="4.632"/>
  <testcase classname="com.bryne.qa.testcases.LandingPageTest" name="validateMyInfoViaLinkTest" time="5.207"/>
  <testcase classname="com.bryne.qa.testcases.LandingPageTest" name="validatePerksDetailsTest" time="4.425"/>
  <testcase classname="com.bryne.qa.testcases.LandingPageTest" name="validateRewardsCatalogueSection" time="4.308"/>
  <testcase classname="com.bryne.qa.testcases.LandingPageTest" name="validateWhatAreBenefitssSection" time="3.756"/>
  <testcase classname="com.bryne.qa.testcases.DashboardPageTest" name="validateOrderButtonBehaviorTest" time="4.337"/>
  <testcase classname="com.bryne.qa.testcases.DashboardPageTest" name="validateRedeemButtonBehaviorTest" time="6.377"/>
  <testcase classname="com.bryne.qa.testcases.DashboardPageTest" name="validateRewardsTable" time="2.15"/>
  <testcase classname="com.bryne.qa.testcases.DashboardPageTest" name="validateTransactionTableBeforeAndAfterLoadMoreClick" time="3.112"/>
  <testcase classname="com.bryne.qa.testcases.MyInfoPageTest" name="validateEditMyInfoButtonFunctionality" time="8.276"/>
  <testcase classname="com.bryne.qa.testcases.MyInfoPageTest" name="validateFieldValues" time="71.074"/>
  <testcase classname="com.bryne.qa.testcases.MyInfoPageTest" name="validateTitle" time="0.007"/>
  <testcase classname="com.bryne.qa.testcases.UpdateDetailsPageTest" name="noOfDisabledItemsTest" time="0.353"/>
  <testcase classname="com.bryne.qa.testcases.UpdateDetailsPageTest" name="updateAddressTest" time="5.362"/>
  <testcase classname="com.bryne.qa.testcases.UpdateDetailsPageTest" name="updateBusinessPhoneTest" time="5.485"/>
  <testcase classname="com.bryne.qa.testcases.UpdateDetailsPageTest" name="updateCityTest" time="5.521"/>
  <testcase classname="com.bryne.qa.testcases.UpdateDetailsPageTest" name="updateCountryOfResidenceTest" time="5.425">
    <failure type="java.lang.AssertionError" message="Country of Residence is not updating expected [USA] but found [India]">
      <![CDATA[java.lang.AssertionError: Country of Residence is not updating expected [USA] but found [India]
at com.bryne.qa.testcases.UpdateDetailsPageTest.updateCountryOfResidenceTest(UpdateDetailsPageTest.java:51)
at java.base/java.util.ArrayList.forEach(ArrayList.java:1511)
... Removed 31 stack frames]]>
    </failure>
  </testcase> <!-- updateCountryOfResidenceTest -->
  <testcase classname="com.bryne.qa.testcases.UpdateDetailsPageTest" name="updateFirstNameTest" time="5.4"/>
  <testcase classname="com.bryne.qa.testcases.UpdateDetailsPageTest" name="updateLastNameTest" time="5.41"/>
  <testcase classname="com.bryne.qa.testcases.UpdateDetailsPageTest" name="updateStateTest" time="5.513"/>
  <testcase classname="com.bryne.qa.testcases.UpdateDetailsPageTest" name="updateZipTest" time="5.475"/>
</testsuite> <!-- Bryne Micosite Test Cases -->
