<?xml version="1.0" encoding="UTF-8"?>
<testng-results ignored="0" total="3" passed="2" failed="1" skipped="0">
  <reporter-output>
  </reporter-output>
  <suite started-at="2021-07-06T11:37:22 IST" name="Default suite" finished-at="2021-07-06T11:39:03 IST" duration-ms="101141">
    <groups>
    </groups>
    <test started-at="2021-07-06T11:37:22 IST" name="Default test" finished-at="2021-07-06T11:39:03 IST" duration-ms="101141">
      <class name="com.bryne.qa.testcases.MyInfoPageTest">
        <test-method is-config="true" signature="setup()[pri:0, instance:com.bryne.qa.testcases.MyInfoPageTest@574b560f]" started-at="2021-07-06T11:37:22 IST" name="setup" finished-at="2021-07-06T11:37:40 IST" duration-ms="18355" status="PASS">
          <reporter-output>
          </reporter-output>
        </test-method> <!-- setup -->
        <test-method signature="validateEditMyInfoButtonFunctionality()[pri:0, instance:com.bryne.qa.testcases.MyInfoPageTest@574b560f]" started-at="2021-07-06T11:37:40 IST" name="validateEditMyInfoButtonFunctionality" finished-at="2021-07-06T11:37:49 IST" duration-ms="8614" status="PASS">
          <reporter-output>
          </reporter-output>
        </test-method> <!-- validateEditMyInfoButtonFunctionality -->
        <test-method is-config="true" signature="aftermath()[pri:0, instance:com.bryne.qa.testcases.MyInfoPageTest@574b560f]" started-at="2021-07-06T11:37:49 IST" name="aftermath" finished-at="2021-07-06T11:37:50 IST" duration-ms="1266" status="PASS">
          <reporter-output>
          </reporter-output>
        </test-method> <!-- aftermath -->
        <test-method is-config="true" signature="setup()[pri:0, instance:com.bryne.qa.testcases.MyInfoPageTest@574b560f]" started-at="2021-07-06T11:37:50 IST" name="setup" finished-at="2021-07-06T11:38:06 IST" duration-ms="15567" status="PASS">
          <reporter-output>
          </reporter-output>
        </test-method> <!-- setup -->
        <test-method signature="validateFieldValues()[pri:0, instance:com.bryne.qa.testcases.MyInfoPageTest@574b560f]" started-at="2021-07-06T11:38:06 IST" name="validateFieldValues" finished-at="2021-07-06T11:38:41 IST" duration-ms="35384" status="FAIL">
          <exception class="java.lang.AssertionError">
            <message>
              <![CDATA[expected [Uttar Pradesh] but found [Karnatka]]]>
            </message>
            <full-stacktrace>
              <![CDATA[java.lang.AssertionError: expected [Uttar Pradesh] but found [Karnatka]
at org.testng.Assert.fail(Assert.java:97)
at org.testng.Assert.assertEqualsImpl(Assert.java:136)
at org.testng.Assert.assertEquals(Assert.java:118)
at org.testng.Assert.assertEquals(Assert.java:575)
at org.testng.Assert.assertEquals(Assert.java:585)
at com.bryne.qa.testcases.MyInfoPageTest.validateFieldValues(MyInfoPageTest.java:54)
at java.base/jdk.internal.reflect.NativeMethodAccessorImpl.invoke0(Native Method)
at java.base/jdk.internal.reflect.NativeMethodAccessorImpl.invoke(NativeMethodAccessorImpl.java:64)
at java.base/jdk.internal.reflect.DelegatingMethodAccessorImpl.invoke(DelegatingMethodAccessorImpl.java:43)
at java.base/java.lang.reflect.Method.invoke(Method.java:564)
at org.testng.internal.MethodInvocationHelper.invokeMethod(MethodInvocationHelper.java:134)
at org.testng.internal.TestInvoker.invokeMethod(TestInvoker.java:597)
at org.testng.internal.TestInvoker.invokeTestMethod(TestInvoker.java:173)
at org.testng.internal.MethodRunner.runInSequence(MethodRunner.java:46)
at org.testng.internal.TestInvoker$MethodInvocationAgent.invoke(TestInvoker.java:816)
at org.testng.internal.TestInvoker.invokeTestMethods(TestInvoker.java:146)
at org.testng.internal.TestMethodWorker.invokeTestMethods(TestMethodWorker.java:146)
at org.testng.internal.TestMethodWorker.run(TestMethodWorker.java:128)
at java.base/java.util.ArrayList.forEach(ArrayList.java:1511)
at org.testng.TestRunner.privateRun(TestRunner.java:766)
at org.testng.TestRunner.run(TestRunner.java:587)
at org.testng.SuiteRunner.runTest(SuiteRunner.java:384)
at org.testng.SuiteRunner.runSequentially(SuiteRunner.java:378)
at org.testng.SuiteRunner.privateRun(SuiteRunner.java:337)
at org.testng.SuiteRunner.run(SuiteRunner.java:286)
at org.testng.SuiteRunnerWorker.runSuite(SuiteRunnerWorker.java:53)
at org.testng.SuiteRunnerWorker.run(SuiteRunnerWorker.java:96)
at org.testng.TestNG.runSuitesSequentially(TestNG.java:1187)
at org.testng.TestNG.runSuitesLocally(TestNG.java:1109)
at org.testng.TestNG.runSuites(TestNG.java:1039)
at org.testng.TestNG.run(TestNG.java:1007)
at org.testng.remote.AbstractRemoteTestNG.run(AbstractRemoteTestNG.java:115)
at org.testng.remote.RemoteTestNG.initAndRun(RemoteTestNG.java:251)
at org.testng.remote.RemoteTestNG.main(RemoteTestNG.java:77)
]]>
            </full-stacktrace>
          </exception> <!-- java.lang.AssertionError -->
          <reporter-output>
          </reporter-output>
        </test-method> <!-- validateFieldValues -->
        <test-method is-config="true" signature="aftermath()[pri:0, instance:com.bryne.qa.testcases.MyInfoPageTest@574b560f]" started-at="2021-07-06T11:38:41 IST" name="aftermath" finished-at="2021-07-06T11:38:43 IST" duration-ms="1409" status="PASS">
          <reporter-output>
          </reporter-output>
        </test-method> <!-- aftermath -->
        <test-method is-config="true" signature="setup()[pri:0, instance:com.bryne.qa.testcases.MyInfoPageTest@574b560f]" started-at="2021-07-06T11:38:43 IST" name="setup" finished-at="2021-07-06T11:39:00 IST" duration-ms="17522" status="PASS">
          <reporter-output>
          </reporter-output>
        </test-method> <!-- setup -->
        <test-method signature="validateTitle()[pri:0, instance:com.bryne.qa.testcases.MyInfoPageTest@574b560f]" started-at="2021-07-06T11:39:00 IST" name="validateTitle" finished-at="2021-07-06T11:39:00 IST" duration-ms="17" status="PASS">
          <reporter-output>
          </reporter-output>
        </test-method> <!-- validateTitle -->
        <test-method is-config="true" signature="aftermath()[pri:0, instance:com.bryne.qa.testcases.MyInfoPageTest@574b560f]" started-at="2021-07-06T11:39:00 IST" name="aftermath" finished-at="2021-07-06T11:39:03 IST" duration-ms="2859" status="PASS">
          <reporter-output>
          </reporter-output>
        </test-method> <!-- aftermath -->
      </class> <!-- com.bryne.qa.testcases.MyInfoPageTest -->
    </test> <!-- Default test -->
  </suite> <!-- Default suite -->
</testng-results>
